[17:46:13] [ServerMain/INFO]: [bootstrap] Running Java 21 (Java HotSpot(TM) 64-Bit Server VM 21.0.8+12-LTS-250; Oracle Corporation null) on Windows 10 10.0 (amd64)
[17:46:13] [ServerMain/INFO]: [bootstrap] Loading Paper 1.21.9-59-main@0ff899d (2025-10-07T11:49:59Z) for Minecraft 1.21.9
[17:46:13] [ServerMain/INFO]: [PluginInitializerManager] Initializing plugins...
[17:46:14] [ServerMain/INFO]: [PluginInitializerManager] Initialized 3 plugins
[17:46:14] [ServerMain/INFO]: [PluginInitializerManager] Bukkit plugins (3):
 - Geyser-Spigot (2.9.2-SNAPSHOT), OnePlayerSleep (1.3), ViaVersion (5.7.0)
[17:46:22] [ServerMain/INFO]: Environment: Environment[sessionHost=https://sessionserver.mojang.com, servicesHost=https://api.minecraftservices.com, profilesHost=https://api.mojang.com, name=PROD]
[17:46:25] [ServerMain/INFO]: Loaded 1461 recipes
[17:46:25] [ServerMain/INFO]: Loaded 1574 advancements
[17:46:26] [ServerMain/INFO]: [ca.spottedleaf.dataconverter.minecraft.datatypes.MCTypeRegistry] Initialising converters for DataConverter...
[17:46:26] [ServerMain/INFO]: [ca.spottedleaf.dataconverter.minecraft.datatypes.MCTypeRegistry] Finished initialising converters for DataConverter in 561,3ms
[17:46:26] [Server thread/INFO]: Starting minecraft server version 1.21.9
[17:46:26] [Server thread/INFO]: Loading properties
[17:46:26] [Server thread/INFO]: This server is running Paper version 1.21.9-59-main@0ff899d (2025-10-07T11:49:59Z) (Implementing API version 1.21.9-R0.1-SNAPSHOT)
[17:46:26] [Server thread/INFO]: [spark] This server bundles the spark profiler. For more information please visit https://docs.papermc.io/paper/profiling
[17:46:27] [Server thread/INFO]: Server Ping Player Sample Count: 12
[17:46:27] [Server thread/INFO]: Using 4 threads for Netty based IO
[17:46:28] [Server thread/INFO]: [MoonriseCommon] Paper is using 2 worker threads, 1 I/O threads
[17:46:28] [Server thread/INFO]: Default game type: SURVIVAL
[17:46:28] [Server thread/INFO]: Generating keypair
[17:46:28] [Server thread/INFO]: Starting Minecraft server on *:7777
[17:46:28] [Server thread/INFO]: Using default channel type
[17:46:28] [Server thread/INFO]: Paper: Using Java compression from Velocity.
[17:46:28] [Server thread/INFO]: Paper: Using Java cipher from Velocity.
[17:46:29] [Server thread/WARN]: [org.bukkit.craftbukkit.legacy.CraftLegacy] Initializing Legacy Material Support. Unless you have legacy plugins and/or data this is a bug!
[17:46:49] [Server thread/WARN]: Legacy plugin OnePlayerSleep v1.3 does not specify an api-version.
[17:46:49] [Server thread/INFO]: [ViaVersion] Loading server plugin ViaVersion v5.7.0
[17:46:49] [Server thread/INFO]: [ViaVersion] ViaVersion 5.7.0 is now loaded. Registering protocol transformers and injecting...
[17:46:50] [Via-Mappingloader-1/INFO]: [ViaVersion] Loading block connection mappings ...
[17:46:51] [Via-Mappingloader-1/INFO]: [ViaVersion] Using FastUtil Long2ObjectOpenHashMap for block connections
[17:46:51] [Server thread/INFO]: [OnePlayerSleep] Loading server plugin OnePlayerSleep v1.3
[17:46:51] [Server thread/INFO]: [Geyser-Spigot] Loading server plugin Geyser-Spigot v2.9.2-SNAPSHOT
[17:46:52] [Server thread/INFO]: [Geyser-Spigot] Loading extensions...
[17:46:52] [Server thread/INFO]: [Geyser-Spigot] Loaded 0 extension(s)
[17:46:52] [Server thread/INFO]: Server permissions file permissions.yml is empty, ignoring it
[17:46:52] [Server thread/WARN]: **** SERVER IS RUNNING IN OFFLINE/INSECURE MODE!
[17:46:52] [Server thread/WARN]: The server will make no attempt to authenticate usernames. Beware.
[17:46:52] [Server thread/WARN]: While this makes the game possible to play without internet access, it also opens up the ability for hackers to connect with any username they choose.
[17:46:52] [Server thread/WARN]: To change this, set "online-mode" to "true" in the server.properties file.
[17:46:52] [Server thread/INFO]: Preparing level "world"
[17:46:53] [Server thread/INFO]: Loading 0 persistent chunks for world 'minecraft:overworld'...
[17:46:53] [Server thread/INFO]: Preparing spawn area: 100%
[17:46:53] [Server thread/INFO]: Prepared spawn area in 5 ms
[17:46:53] [Server thread/INFO]: Loading 0 persistent chunks for world 'minecraft:the_nether'...
[17:46:53] [Server thread/INFO]: Prepared spawn area in 2 ms
[17:46:53] [Server thread/INFO]: Loading 0 persistent chunks for world 'minecraft:the_end'...
[17:46:53] [Server thread/INFO]: Preparing spawn area: 100%
[17:46:53] [Server thread/INFO]: Prepared spawn area in 3 ms
[17:46:53] [Server thread/INFO]: Done preparing level "world" (1.059s)
[17:46:53] [Server thread/INFO]: [ViaVersion] Enabling ViaVersion v5.7.0
[17:46:54] [Server thread/INFO]: [ViaVersion] ViaVersion detected server version: 1.21.9-1.21.10 (773)
[17:46:54] [Server thread/INFO]: [OnePlayerSleep] Enabling OnePlayerSleep v1.3*
[17:46:54] [Server thread/INFO]: [Geyser-Spigot] Enabling Geyser-Spigot v2.9.2-SNAPSHOT
[17:46:57] [Server thread/INFO]: [spark] Starting background profiler...
[17:46:57] [Server thread/INFO]: [spark] The async-profiler engine is not supported for your os/arch (windows10/amd64), so the built-in Java engine will be used instead.
[17:46:58] [Server thread/INFO]: [Geyser-Spigot] ******************************************
[17:46:58] [Server thread/INFO]: [Geyser-Spigot] 
[17:46:58] [Server thread/INFO]: [Geyser-Spigot] Loading Geyser version 2.9.2-b1008 (git-master-d35667a)
[17:46:58] [Server thread/INFO]: [Geyser-Spigot] 
[17:46:58] [Server thread/INFO]: [Geyser-Spigot] ******************************************
[17:47:04] [Server thread/INFO]: [Geyser-Spigot] Started Geyser on UDP port 19132
[17:47:04] [Server thread/INFO]: [Geyser-Spigot] Done (6,067s)! Run /geyser help for help!
[17:47:04] [Server thread/INFO]: Running delayed init tasks
[17:47:04] [Server thread/INFO]: Done (53.059s)! For help, type "help"
[17:47:04] [Craft Scheduler Thread - 5 - ViaVersion/INFO]: [ViaVersion] Finished mapping loading, shutting down loader executor.
[17:48:56] [Server thread/INFO]: Stopping the server
[17:48:56] [Server thread/INFO]: Stopping server
[17:48:56] [Server thread/INFO]: [Geyser-Spigot] Disabling Geyser-Spigot v2.9.2-SNAPSHOT
[17:48:56] [Server thread/INFO]: [Geyser-Spigot] Shutting down Geyser.
[17:48:56] [Server thread/INFO]: [Geyser-Spigot] Geyser shutdown successfully.
[17:48:56] [Server thread/INFO]: [OnePlayerSleep] Disabling OnePlayerSleep v1.3
[17:48:56] [Server thread/INFO]: [ViaVersion] Disabling ViaVersion v5.7.0
[17:48:56] [Server thread/INFO]: [ViaVersion] ViaVersion has been disabled; uninjected the platform and shut down the scheduler.
[17:48:56] [Server thread/INFO]: Saving players
[17:48:56] [Server thread/INFO]: Saving worlds
[17:48:56] [Server thread/INFO]: Saving chunks for level 'ServerLevel[world]'/minecraft:overworld
[17:48:56] [Server thread/INFO]: [ChunkHolderManager] Waiting 60s for chunk system to halt for world 'world'
[17:48:56] [Server thread/INFO]: [ChunkHolderManager] Halted chunk system for world 'world'
[17:48:56] [Server thread/INFO]: [ChunkHolderManager] Saving all chunkholders for world 'world'
[17:48:56] [Server thread/INFO]: [ChunkHolderManager] Saved 0 block chunks, 0 entity chunks, 0 poi chunks in world 'world' in 0,01s
[17:48:56] [Server thread/INFO]: [ChunkHolderManager] Waiting 60s for chunk I/O to halt for world 'world'
[17:48:56] [Server thread/INFO]: [ChunkHolderManager] Halted I/O scheduler for world 'world'
[17:48:56] [Server thread/INFO]: Saving chunks for level 'ServerLevel[world_nether]'/minecraft:the_nether
[17:48:56] [Server thread/INFO]: [ChunkHolderManager] Waiting 60s for chunk system to halt for world 'world_nether'
[17:48:56] [Server thread/INFO]: [ChunkHolderManager] Halted chunk system for world 'world_nether'
[17:48:56] [Server thread/INFO]: [ChunkHolderManager] Saving all chunkholders for world 'world_nether'
[17:48:56] [Server thread/INFO]: [ChunkHolderManager] Saved 0 block chunks, 0 entity chunks, 0 poi chunks in world 'world_nether' in 0,00s
[17:48:56] [Server thread/INFO]: [ChunkHolderManager] Waiting 60s for chunk I/O to halt for world 'world_nether'
[17:48:56] [Server thread/INFO]: [ChunkHolderManager] Halted I/O scheduler for world 'world_nether'
[17:48:56] [Server thread/INFO]: Saving chunks for level 'ServerLevel[world_the_end]'/minecraft:the_end
[17:48:56] [Server thread/INFO]: [ChunkHolderManager] Waiting 60s for chunk system to halt for world 'world_the_end'
[17:48:56] [Server thread/INFO]: [ChunkHolderManager] Halted chunk system for world 'world_the_end'
[17:48:56] [Server thread/INFO]: [ChunkHolderManager] Saving all chunkholders for world 'world_the_end'
[17:48:56] [Server thread/INFO]: [ChunkHolderManager] Saved 0 block chunks, 0 entity chunks, 0 poi chunks in world 'world_the_end' in 0,00s
[17:48:56] [Server thread/INFO]: [ChunkHolderManager] Waiting 60s for chunk I/O to halt for world 'world_the_end'
[17:48:56] [Server thread/INFO]: [ChunkHolderManager] Halted I/O scheduler for world 'world_the_end'
[17:48:56] [Server thread/INFO]: ThreadedAnvilChunkStorage (world): All chunks are saved
[17:48:56] [Server thread/INFO]: ThreadedAnvilChunkStorage (DIM-1): All chunks are saved
[17:48:56] [Server thread/INFO]: ThreadedAnvilChunkStorage (DIM1): All chunks are saved
[17:48:56] [Server thread/INFO]: ThreadedAnvilChunkStorage: All dimensions are saved
[17:48:56] [Server thread/INFO]: Waiting for all RegionFile I/O tasks to complete...
[17:48:56] [Server thread/INFO]: All RegionFile I/O tasks to complete
[17:48:56] [Server thread/INFO]: [MoonriseCommon] Awaiting termination of worker pool for up to 60s...
[17:48:56] [Server thread/INFO]: [MoonriseCommon] Awaiting termination of I/O pool for up to 60s...
